line 5 (connection.php) loaded connection script!
line 20 (connection.php) Connected successfully
line 16 (create_database.php) created database
line 5 (connection.php) loaded connection script!
line 20 (connection.php) Connected successfully
line 13 (show_databases.php) Array
(
    [0] => Array
        (
            [Database] => information_schema
            [0] => information_schema
        )

    [1] => Array
        (
            [Database] => companies
            [0] => companies
        )

    [2] => Array
        (
            [Database] => fgsgs
            [0] => fgsgs
        )

    [3] => Array
        (
            [Database] => football
            [0] => football
        )

    [4] => Array
        (
            [Database] => mysql
            [0] => mysql
        )

    [5] => Array
        (
            [Database] => performance_schema
            [0] => performance_schema
        )

    [6] => Array
        (
            [Database] => sys
            [0] => sys
        )

    [7] => Array
        (
            [Database] => test1
            [0] => test1
        )

    [8] => Array
        (
            [Database] => wdi
            [0] => wdi
        )

)

line 5 (connection.php) loaded connection script!
line 20 (connection.php) Connected successfully
line 13 (show_databases.php) Array
(
    [0] => Array
        (
            [Database] => information_schema
            [0] => information_schema
        )

    [1] => Array
        (
            [Database] => companies
            [0] => companies
        )

    [2] => Array
        (
            [Database] => fgsgs
            [0] => fgsgs
        )

    [3] => Array
        (
            [Database] => football
            [0] => football
        )

    [4] => Array
        (
            [Database] => mysql
            [0] => mysql
        )

    [5] => Array
        (
            [Database] => performance_schema
            [0] => performance_schema
        )

    [6] => Array
        (
            [Database] => sys
            [0] => sys
        )

    [7] => Array
        (
            [Database] => test1
            [0] => test1
        )

    [8] => Array
        (
            [Database] => wdi
            [0] => wdi
        )

)

line 5 (connection.php) loaded connection script!
line 20 (connection.php) Connected successfully
line 13 (show_databases.php) Array
(
    [0] => Array
        (
            [Database] => information_schema
            [0] => information_schema
        )

    [1] => Array
        (
            [Database] => companies
            [0] => companies
        )

    [2] => Array
        (
            [Database] => fgsgs
            [0] => fgsgs
        )

    [3] => Array
        (
            [Database] => football
            [0] => football
        )

    [4] => Array
        (
            [Database] => mysql
            [0] => mysql
        )

    [5] => Array
        (
            [Database] => performance_schema
            [0] => performance_schema
        )

    [6] => Array
        (
            [Database] => sys
            [0] => sys
        )

    [7] => Array
        (
            [Database] => test1
            [0] => test1
        )

    [8] => Array
        (
            [Database] => wdi
            [0] => wdi
        )

)

line 5 (connection.php) loaded connection script!
line 20 (connection.php) Connected successfully
line 17 (delete_database.php) if statemnet is false
line 23 (delete_database.php) dropped database
line 5 (connection.php) loaded connection script!
line 20 (connection.php) Connected successfully
line 13 (show_databases.php) Array
(
    [0] => Array
        (
            [Database] => information_schema
            [0] => information_schema
        )

    [1] => Array
        (
            [Database] => companies
            [0] => companies
        )

    [2] => Array
        (
            [Database] => football
            [0] => football
        )

    [3] => Array
        (
            [Database] => mysql
            [0] => mysql
        )

    [4] => Array
        (
            [Database] => performance_schema
            [0] => performance_schema
        )

    [5] => Array
        (
            [Database] => sys
            [0] => sys
        )

    [6] => Array
        (
            [Database] => test1
            [0] => test1
        )

    [7] => Array
        (
            [Database] => wdi
            [0] => wdi
        )

)

line 5 (connection.php) loaded connection script!
line 20 (connection.php) Connected successfully
line 12 (delete_database.php) if statement is true
line 5 (connection.php) loaded connection script!
line 20 (connection.php) Connected successfully
line 13 (show_databases.php) Array
(
    [0] => Array
        (
            [Database] => information_schema
            [0] => information_schema
        )

    [1] => Array
        (
            [Database] => companies
            [0] => companies
        )

    [2] => Array
        (
            [Database] => football
            [0] => football
        )

    [3] => Array
        (
            [Database] => mysql
            [0] => mysql
        )

    [4] => Array
        (
            [Database] => performance_schema
            [0] => performance_schema
        )

    [5] => Array
        (
            [Database] => sys
            [0] => sys
        )

    [6] => Array
        (
            [Database] => test1
            [0] => test1
        )

    [7] => Array
        (
            [Database] => wdi
            [0] => wdi
        )

)

line 5 (connection.php) loaded connection script!
line 20 (connection.php) Connected successfully
line 13 (show_users.php) Array
(
    [0] => Array
        (
            [User] => phil2
            [0] => phil2
        )

    [1] => Array
        (
            [User] => phil3
            [0] => phil3
        )

    [2] => Array
        (
            [User] => phil4
            [0] => phil4
        )

    [3] => Array
        (
            [User] => mysql.session
            [0] => mysql.session
        )

    [4] => Array
        (
            [User] => mysql.sys
            [0] => mysql.sys
        )

    [5] => Array
        (
            [User] => root
            [0] => root
        )

)

line 5 (connection.php) loaded connection script!
line 20 (connection.php) Connected successfully
line 13 (show_users.php) Array
(
    [0] => Array
        (
            [User] => phil2
            [0] => phil2
        )

    [1] => Array
        (
            [User] => phil3
            [0] => phil3
        )

    [2] => Array
        (
            [User] => phil4
            [0] => phil4
        )

    [3] => Array
        (
            [User] => mysql.session
            [0] => mysql.session
        )

    [4] => Array
        (
            [User] => mysql.sys
            [0] => mysql.sys
        )

    [5] => Array
        (
            [User] => root
            [0] => root
        )

)

line 5 (connection.php) loaded connection script!
line 20 (connection.php) Connected successfully
Line 34 in delete_users.php, Undefined variable: db_name  (ErrorException)line 5 (connection.php) loaded connection script!
line 20 (connection.php) Connected successfully
line 13 (show_users.php) Array
(
    [0] => Array
        (
            [User] => phil2
            [0] => phil2
        )

    [1] => Array
        (
            [User] => phil3
            [0] => phil3
        )

    [2] => Array
        (
            [User] => phil4
            [0] => phil4
        )

    [3] => Array
        (
            [User] => mysql.session
            [0] => mysql.session
        )

    [4] => Array
        (
            [User] => mysql.sys
            [0] => mysql.sys
        )

    [5] => Array
        (
            [User] => root
            [0] => root
        )

)

line 5 (connection.php) loaded connection script!
line 20 (connection.php) Connected successfully
line 13 (show_users.php) Array
(
    [0] => Array
        (
            [User] => phil2
            [0] => phil2
        )

    [1] => Array
        (
            [User] => phil3
            [0] => phil3
        )

    [2] => Array
        (
            [User] => phil4
            [0] => phil4
        )

    [3] => Array
        (
            [User] => mysql.session
            [0] => mysql.session
        )

    [4] => Array
        (
            [User] => mysql.sys
            [0] => mysql.sys
        )

    [5] => Array
        (
            [User] => root
            [0] => root
        )

)

line 5 (connection.php) loaded connection script!
line 20 (connection.php) Connected successfully
Line 34 in delete_users.php, Undefined variable: db_name  (ErrorException)line 5 (connection.php) loaded connection script!
line 20 (connection.php) Connected successfully
line 13 (show_users.php) Array
(
    [0] => Array
        (
            [User] => phil2
            [0] => phil2
        )

    [1] => Array
        (
            [User] => phil3
            [0] => phil3
        )

    [2] => Array
        (
            [User] => phil4
            [0] => phil4
        )

    [3] => Array
        (
            [User] => mysql.session
            [0] => mysql.session
        )

    [4] => Array
        (
            [User] => mysql.sys
            [0] => mysql.sys
        )

    [5] => Array
        (
            [User] => root
            [0] => root
        )

)

line 5 (connection.php) loaded connection script!
line 20 (connection.php) Connected successfully
line 13 (show_users.php) Array
(
    [0] => Array
        (
            [User] => phil2
            [0] => phil2
        )

    [1] => Array
        (
            [User] => phil3
            [0] => phil3
        )

    [2] => Array
        (
            [User] => phil4
            [0] => phil4
        )

    [3] => Array
        (
            [User] => mysql.session
            [0] => mysql.session
        )

    [4] => Array
        (
            [User] => mysql.sys
            [0] => mysql.sys
        )

    [5] => Array
        (
            [User] => root
            [0] => root
        )

)

line 5 (connection.php) loaded connection script!
line 20 (connection.php) Connected successfully
Line 34 in delete_users.php, Undefined variable: db_name  (ErrorException)line 5 (connection.php) loaded connection script!
line 20 (connection.php) Connected successfully
line 13 (show_users.php) Array
(
    [0] => Array
        (
            [User] => phil2
            [0] => phil2
        )

    [1] => Array
        (
            [User] => phil3
            [0] => phil3
        )

    [2] => Array
        (
            [User] => phil4
            [0] => phil4
        )

    [3] => Array
        (
            [User] => mysql.session
            [0] => mysql.session
        )

    [4] => Array
        (
            [User] => mysql.sys
            [0] => mysql.sys
        )

    [5] => Array
        (
            [User] => root
            [0] => root
        )

)

line 5 (connection.php) loaded connection script!
line 20 (connection.php) Connected successfully
line 12 (delete_users.php) if statement is true
line 5 (connection.php) loaded connection script!
line 20 (connection.php) Connected successfully
line 13 (show_users.php) Array
(
    [0] => Array
        (
            [User] => phil2
            [0] => phil2
        )

    [1] => Array
        (
            [User] => phil3
            [0] => phil3
        )

    [2] => Array
        (
            [User] => phil4
            [0] => phil4
        )

    [3] => Array
        (
            [User] => mysql.session
            [0] => mysql.session
        )

    [4] => Array
        (
            [User] => mysql.sys
            [0] => mysql.sys
        )

    [5] => Array
        (
            [User] => root
            [0] => root
        )

)

line 5 (connection.php) loaded connection script!
line 20 (connection.php) Connected successfully
line 17 (delete_users.php) if statemnet is false
line 23 (delete_users.php) dropped user
line 5 (connection.php) loaded connection script!
line 20 (connection.php) Connected successfully
line 13 (show_users.php) Array
(
    [0] => Array
        (
            [User] => phil3
            [0] => phil3
        )

    [1] => Array
        (
            [User] => phil4
            [0] => phil4
        )

    [2] => Array
        (
            [User] => mysql.session
            [0] => mysql.session
        )

    [3] => Array
        (
            [User] => mysql.sys
            [0] => mysql.sys
        )

    [4] => Array
        (
            [User] => root
            [0] => root
        )

)

line 5 (connection.php) loaded connection script!
line 20 (connection.php) Connected successfully
line 13 (show_users.php) Array
(
    [0] => Array
        (
            [User] => phil3
            [0] => phil3
        )

    [1] => Array
        (
            [User] => phil4
            [0] => phil4
        )

    [2] => Array
        (
            [User] => mysql.session
            [0] => mysql.session
        )

    [3] => Array
        (
            [User] => mysql.sys
            [0] => mysql.sys
        )

    [4] => Array
        (
            [User] => root
            [0] => root
        )

)

line 5 (connection.php) loaded connection script!
line 20 (connection.php) Connected successfully
line 17 (delete_users.php) if statemnet is false
line 23 (delete_users.php) dropped user
line 5 (connection.php) loaded connection script!
line 20 (connection.php) Connected successfully
line 13 (show_users.php) Array
(
    [0] => Array
        (
            [User] => phil4
            [0] => phil4
        )

    [1] => Array
        (
            [User] => mysql.session
            [0] => mysql.session
        )

    [2] => Array
        (
            [User] => mysql.sys
            [0] => mysql.sys
        )

    [3] => Array
        (
            [User] => root
            [0] => root
        )

)

line 5 (connection.php) loaded connection script!
line 20 (connection.php) Connected successfully
line 17 (delete_users.php) if statemnet is false
line 23 (delete_users.php) dropped user
line 5 (connection.php) loaded connection script!
line 20 (connection.php) Connected successfully
line 13 (show_users.php) Array
(
    [0] => Array
        (
            [User] => mysql.session
            [0] => mysql.session
        )

    [1] => Array
        (
            [User] => mysql.sys
            [0] => mysql.sys
        )

    [2] => Array
        (
            [User] => root
            [0] => root
        )

)

line 5 (connection.php) loaded connection script!
Line 5 in show_users.php, Undefined variable: admin  (ErrorException)